# JRE version: Java(TM) SE Runtime Environment (8.0_281-b09) (build 1.8.0_281-b09)
# Java VM: Java HotSpot(TM) 64-Bit Server VM (25.281-b09 mixed mode windows-amd64 compressed oops)
Heap:
 PSYoungGen      total 73216K, used 59852K [0x00000000f5580000, 0x00000000fab00000, 0x0000000100000000)
  eden space 59904K, 80% used [0x00000000f5580000,0x00000000f8494018,0x00000000f9000000)
  from space 13312K, 87% used [0x00000000f9e00000,0x00000000fa95f120,0x00000000fab00000)
  to   space 13824K, 0% used [0x00000000f9000000,0x00000000f9000000,0x00000000f9d80000)
 ParOldGen       total 175104K, used 18390K [0x00000000e0000000, 0x00000000eab00000, 0x00000000f5580000)
  object space 175104K, 10% used [0x00000000e0000000,0x00000000e11f5810,0x00000000eab00000)
 Metaspace       used 47288K, capacity 48718K, committed 49024K, reserved 1091584K
  class space    used 6530K, capacity 6951K, committed 7040K, reserved 1048576K
GC Heap History (10 events):
Event: 32.040 GC heap before
{Heap before GC invocations=6 (full 1):
 PSYoungGen      total 76288K, used 73656K [0x00000000f5580000, 0x00000000faa80000, 0x0000000100000000)
  eden space 65536K, 100% used [0x00000000f5580000,0x00000000f9580000,0x00000000f9580000)
  from space 10752K, 75% used [0x00000000fa000000,0x00000000fa7ee220,0x00000000faa80000)
  to   space 10752K, 0% used [0x00000000f9580000,0x00000000f9580000,0x00000000fa000000)
 ParOldGen       total 175104K, used 10874K [0x00000000e0000000, 0x00000000eab00000, 0x00000000f5580000)
  object space 175104K, 6% used [0x00000000e0000000,0x00000000e0a9e910,0x00000000eab00000)
 Metaspace       used 31220K, capacity 31836K, committed 32000K, reserved 1077248K
  class space    used 4360K, capacity 4568K, committed 4608K, reserved 1048576K
Event: 32.056 GC heap after
Heap after GC invocations=6 (full 1):
 PSYoungGen      total 74752K, used 10572K [0x00000000f5580000, 0x00000000fae00000, 0x0000000100000000)
  eden space 64000K, 0% used [0x00000000f5580000,0x00000000f5580000,0x00000000f9400000)
  from space 10752K, 98% used [0x00000000f9580000,0x00000000f9fd33c0,0x00000000fa000000)
  to   space 13312K, 0% used [0x00000000fa100000,0x00000000fa100000,0x00000000fae00000)
 ParOldGen       total 175104K, used 10882K [0x00000000e0000000, 0x00000000eab00000, 0x00000000f5580000)
  object space 175104K, 6% used [0x00000000e0000000,0x00000000e0aa0910,0x00000000eab00000)
 Metaspace       used 31220K, capacity 31836K, committed 32000K, reserved 1077248K
  class space    used 4360K, capacity 4568K, committed 4608K, reserved 1048576K
}
Event: 34.752 GC heap before
{Heap before GC invocations=7 (full 1):
 PSYoungGen      total 74752K, used 67795K [0x00000000f5580000, 0x00000000fae00000, 0x0000000100000000)
  eden space 64000K, 89% used [0x00000000f5580000,0x00000000f8d61b30,0x00000000f9400000)
  from space 10752K, 98% used [0x00000000f9580000,0x00000000f9fd33c0,0x00000000fa000000)
  to   space 13312K, 0% used [0x00000000fa100000,0x00000000fa100000,0x00000000fae00000)
 ParOldGen       total 175104K, used 10882K [0x00000000e0000000, 0x00000000eab00000, 0x00000000f5580000)
  object space 175104K, 6% used [0x00000000e0000000,0x00000000e0aa0910,0x00000000eab00000)
 Metaspace       used 34584K, capacity 35318K, committed 35416K, reserved 1079296K
  class space    used 4868K, capacity 5107K, committed 5120K, reserved 1048576K
Event: 34.767 GC heap after
Heap after GC invocations=7 (full 1):
 PSYoungGen      total 75264K, used 11381K [0x00000000f5580000, 0x00000000fad80000, 0x0000000100000000)
  eden space 62464K, 0% used [0x00000000f5580000,0x00000000f5580000,0x00000000f9280000)
  from space 12800K, 88% used [0x00000000fa100000,0x00000000fac1d798,0x00000000fad80000)
  to   space 13824K, 0% used [0x00000000f9280000,0x00000000f9280000,0x00000000fa000000)
 ParOldGen       total 175104K, used 10890K [0x00000000e0000000, 0x00000000eab00000, 0x00000000f5580000)
  object space 175104K, 6% used [0x00000000e0000000,0x00000000e0aa2910,0x00000000eab00000)
 Metaspace       used 34584K, capacity 35318K, committed 35416K, reserved 1079296K
  class space    used 4868K, capacity 5107K, committed 5120K, reserved 1048576K
}
Event: 34.767 GC heap before
{Heap before GC invocations=8 (full 2):
 PSYoungGen      total 75264K, used 11381K [0x00000000f5580000, 0x00000000fad80000, 0x0000000100000000)
  eden space 62464K, 0% used [0x00000000f5580000,0x00000000f5580000,0x00000000f9280000)
  from space 12800K, 88% used [0x00000000fa100000,0x00000000fac1d798,0x00000000fad80000)
  to   space 13824K, 0% used [0x00000000f9280000,0x00000000f9280000,0x00000000fa000000)
 ParOldGen       total 175104K, used 10890K [0x00000000e0000000, 0x00000000eab00000, 0x00000000f5580000)
  object space 175104K, 6% used [0x00000000e0000000,0x00000000e0aa2910,0x00000000eab00000)
 Metaspace       used 34584K, capacity 35318K, committed 35416K, reserved 1079296K
  class space    used 4868K, capacity 5107K, committed 5120K, reserved 1048576K
Event: 34.842 GC heap after
Heap after GC invocations=8 (full 2):
 PSYoungGen      total 75264K, used 0K [0x00000000f5580000, 0x00000000fad80000, 0x0000000100000000)
  eden space 62464K, 0% used [0x00000000f5580000,0x00000000f5580000,0x00000000f9280000)
  from space 12800K, 0% used [0x00000000fa100000,0x00000000fa100000,0x00000000fad80000)
  to   space 13824K, 0% used [0x00000000f9280000,0x00000000f9280000,0x00000000fa000000)
 ParOldGen       total 175104K, used 18374K [0x00000000e0000000, 0x00000000eab00000, 0x00000000f5580000)
  object space 175104K, 10% used [0x00000000e0000000,0x00000000e11f1810,0x00000000eab00000)
 Metaspace       used 34584K, capacity 35318K, committed 35416K, reserved 1079296K
  class space    used 4868K, capacity 5107K, committed 5120K, reserved 1048576K
}
Event: 46.853 GC heap before
{Heap before GC invocations=9 (full 2):
 PSYoungGen      total 75264K, used 62464K [0x00000000f5580000, 0x00000000fad80000, 0x0000000100000000)
  eden space 62464K, 100% used [0x00000000f5580000,0x00000000f9280000,0x00000000f9280000)
  from space 12800K, 0% used [0x00000000fa100000,0x00000000fa100000,0x00000000fad80000)
  to   space 13824K, 0% used [0x00000000f9280000,0x00000000f9280000,0x00000000fa000000)
 ParOldGen       total 175104K, used 18374K [0x00000000e0000000, 0x00000000eab00000, 0x00000000f5580000)
  object space 175104K, 10% used [0x00000000e0000000,0x00000000e11f1810,0x00000000eab00000)
 Metaspace       used 41368K, capacity 42514K, committed 42752K, reserved 1085440K
  class space    used 5705K, capacity 6065K, committed 6144K, reserved 1048576K
Event: 46.863 GC heap after
Heap after GC invocations=9 (full 2):
 PSYoungGen      total 69632K, used 8661K [0x00000000f5580000, 0x00000000fab00000, 0x0000000100000000)
  eden space 60928K, 0% used [0x00000000f5580000,0x00000000f5580000,0x00000000f9100000)
  from space 8704K, 99% used [0x00000000f9280000,0x00000000f9af5768,0x00000000f9b00000)
  to   space 13312K, 0% used [0x00000000f9e00000,0x00000000f9e00000,0x00000000fab00000)
 ParOldGen       total 175104K, used 18382K [0x00000000e0000000, 0x00000000eab00000, 0x00000000f5580000)
  object space 175104K, 10% used [0x00000000e0000000,0x00000000e11f3810,0x00000000eab00000)
 Metaspace       used 41368K, capacity 42514K, committed 42752K, reserved 1085440K
  class space    used 5705K, capacity 6065K, committed 6144K, reserved 1048576K
}
Event: 51.298 GC heap before
{Heap before GC invocations=10 (full 2):
 PSYoungGen      total 69632K, used 69589K [0x00000000f5580000, 0x00000000fab00000, 0x0000000100000000)
  eden space 60928K, 100% used [0x00000000f5580000,0x00000000f9100000,0x00000000f9100000)
  from space 8704K, 99% used [0x00000000f9280000,0x00000000f9af5768,0x00000000f9b00000)
  to   space 13312K, 0% used [0x00000000f9e00000,0x00000000f9e00000,0x00000000fab00000)
 ParOldGen       total 175104K, used 18382K [0x00000000e0000000, 0x00000000eab00000, 0x00000000f5580000)
  object space 175104K, 10% used [0x00000000e0000000,0x00000000e11f3810,0x00000000eab00000)
 Metaspace       used 45752K, capacity 46974K, committed 47104K, reserved 1089536K
  class space    used 6289K, capacity 6634K, committed 6656K, reserved 1048576K
Event: 51.309 GC heap after
Heap after GC invocations=10 (full 2):
 PSYoungGen      total 73216K, used 11644K [0x00000000f5580000, 0x00000000fab00000, 0x0000000100000000)
  eden space 59904K, 0% used [0x00000000f5580000,0x00000000f5580000,0x00000000f9000000)
  from space 13312K, 87% used [0x00000000f9e00000,0x00000000fa95f120,0x00000000fab00000)
  to   space 13824K, 0% used [0x00000000f9000000,0x00000000f9000000,0x00000000f9d80000)
 ParOldGen       total 175104K, used 18390K [0x00000000e0000000, 0x00000000eab00000, 0x00000000f5580000)
  object space 175104K, 10% used [0x00000000e0000000,0x00000000e11f5810,0x00000000eab00000)
 Metaspace       used 45752K, capacity 46974K, committed 47104K, reserved 1089536K
  class space    used 6289K, capacity 6634K, committed 6656K, reserved 1048576K
}

