# JRE version: Java(TM) SE Runtime Environment (8.0_281-b09) (build 1.8.0_281-b09)
# Java VM: Java HotSpot(TM) 64-Bit Server VM (25.281-b09 mixed mode windows-amd64 compressed oops)
Heap:
 PSYoungGen      total 140800K, used 19280K [0x00000000f5580000, 0x0000000100000000, 0x0000000100000000)
  eden space 107008K, 0% used [0x00000000f5580000,0x00000000f5580000,0x00000000fbe00000)
  from space 33792K, 57% used [0x00000000fbe00000,0x00000000fd0d4050,0x00000000fdf00000)
  to   space 33792K, 0% used [0x00000000fdf00000,0x00000000fdf00000,0x0000000100000000)
 ParOldGen       total 224768K, used 211827K [0x00000000e0000000, 0x00000000edb80000, 0x00000000f5580000)
  object space 224768K, 94% used [0x00000000e0000000,0x00000000ecedcd10,0x00000000edb80000)
 Metaspace       used 76380K, capacity 81908K, committed 82008K, reserved 1120256K
  class space    used 10080K, capacity 11350K, committed 11352K, reserved 1048576K
GC Heap History (10 events):
Event: 3857.186 GC heap after
Heap after GC invocations=35 (full 4):
 PSYoungGen      total 139264K, used 20160K [0x00000000f5580000, 0x0000000100000000, 0x0000000100000000)
  eden space 107520K, 0% used [0x00000000f5580000,0x00000000f5580000,0x00000000fbe80000)
  from space 31744K, 63% used [0x00000000fbe80000,0x00000000fd230030,0x00000000fdd80000)
  to   space 32768K, 0% used [0x00000000fe000000,0x00000000fe000000,0x0000000100000000)
 ParOldGen       total 224768K, used 160178K [0x00000000e0000000, 0x00000000edb80000, 0x00000000f5580000)
  object space 224768K, 71% used [0x00000000e0000000,0x00000000e9c6c808,0x00000000edb80000)
 Metaspace       used 76062K, capacity 81560K, committed 81752K, reserved 1120256K
  class space    used 10064K, capacity 11324K, committed 11352K, reserved 1048576K
}
Event: 3858.494 GC heap before
{Heap before GC invocations=36 (full 4):
 PSYoungGen      total 139264K, used 127680K [0x00000000f5580000, 0x0000000100000000, 0x0000000100000000)
  eden space 107520K, 100% used [0x00000000f5580000,0x00000000fbe80000,0x00000000fbe80000)
  from space 31744K, 63% used [0x00000000fbe80000,0x00000000fd230030,0x00000000fdd80000)
  to   space 32768K, 0% used [0x00000000fe000000,0x00000000fe000000,0x0000000100000000)
 ParOldGen       total 224768K, used 160178K [0x00000000e0000000, 0x00000000edb80000, 0x00000000f5580000)
  object space 224768K, 71% used [0x00000000e0000000,0x00000000e9c6c808,0x00000000edb80000)
 Metaspace       used 76084K, capacity 81560K, committed 81752K, reserved 1120256K
  class space    used 10064K, capacity 11324K, committed 11352K, reserved 1048576K
Event: 3858.536 GC heap after
Heap after GC invocations=36 (full 4):
 PSYoungGen      total 140800K, used 10208K [0x00000000f5580000, 0x00000000ffe00000, 0x0000000100000000)
  eden space 110080K, 0% used [0x00000000f5580000,0x00000000f5580000,0x00000000fc100000)
  from space 30720K, 33% used [0x00000000fe000000,0x00000000fe9f8040,0x00000000ffe00000)
  to   space 31232K, 0% used [0x00000000fc100000,0x00000000fc100000,0x00000000fdf80000)
 ParOldGen       total 224768K, used 180003K [0x00000000e0000000, 0x00000000edb80000, 0x00000000f5580000)
  object space 224768K, 80% used [0x00000000e0000000,0x00000000eafc8c40,0x00000000edb80000)
 Metaspace       used 76084K, capacity 81560K, committed 81752K, reserved 1120256K
  class space    used 10064K, capacity 11324K, committed 11352K, reserved 1048576K
}
Event: 4104.466 GC heap before
{Heap before GC invocations=37 (full 4):
 PSYoungGen      total 140800K, used 120288K [0x00000000f5580000, 0x00000000ffe00000, 0x0000000100000000)
  eden space 110080K, 100% used [0x00000000f5580000,0x00000000fc100000,0x00000000fc100000)
  from space 30720K, 33% used [0x00000000fe000000,0x00000000fe9f8040,0x00000000ffe00000)
  to   space 31232K, 0% used [0x00000000fc100000,0x00000000fc100000,0x00000000fdf80000)
 ParOldGen       total 224768K, used 180003K [0x00000000e0000000, 0x00000000edb80000, 0x00000000f5580000)
  object space 224768K, 80% used [0x00000000e0000000,0x00000000eafc8c40,0x00000000edb80000)
 Metaspace       used 76152K, capacity 81700K, committed 81752K, reserved 1120256K
  class space    used 10066K, capacity 11326K, committed 11352K, reserved 1048576K
Event: 4104.482 GC heap after
Heap after GC invocations=37 (full 4):
 PSYoungGen      total 141312K, used 2529K [0x00000000f5580000, 0x0000000100000000, 0x0000000100000000)
  eden space 110080K, 0% used [0x00000000f5580000,0x00000000f5580000,0x00000000fc100000)
  from space 31232K, 8% used [0x00000000fc100000,0x00000000fc3786b8,0x00000000fdf80000)
  to   space 31232K, 0% used [0x00000000fe180000,0x00000000fe180000,0x0000000100000000)
 ParOldGen       total 224768K, used 187219K [0x00000000e0000000, 0x00000000edb80000, 0x00000000f5580000)
  object space 224768K, 83% used [0x00000000e0000000,0x00000000eb6d4d68,0x00000000edb80000)
 Metaspace       used 76152K, capacity 81700K, committed 81752K, reserved 1120256K
  class space    used 10066K, capacity 11326K, committed 11352K, reserved 1048576K
}
Event: 4113.447 GC heap before
{Heap before GC invocations=38 (full 4):
 PSYoungGen      total 141312K, used 112609K [0x00000000f5580000, 0x0000000100000000, 0x0000000100000000)
  eden space 110080K, 100% used [0x00000000f5580000,0x00000000fc100000,0x00000000fc100000)
  from space 31232K, 8% used [0x00000000fc100000,0x00000000fc3786b8,0x00000000fdf80000)
  to   space 31232K, 0% used [0x00000000fe180000,0x00000000fe180000,0x0000000100000000)
 ParOldGen       total 224768K, used 187219K [0x00000000e0000000, 0x00000000edb80000, 0x00000000f5580000)
  object space 224768K, 83% used [0x00000000e0000000,0x00000000eb6d4d68,0x00000000edb80000)
 Metaspace       used 76346K, capacity 81866K, committed 82008K, reserved 1120256K
  class space    used 10076K, capacity 11343K, committed 11352K, reserved 1048576K
Event: 4113.493 GC heap after
Heap after GC invocations=38 (full 4):
 PSYoungGen      total 138240K, used 23296K [0x00000000f5580000, 0x0000000100000000, 0x0000000100000000)
  eden space 107008K, 0% used [0x00000000f5580000,0x00000000f5580000,0x00000000fbe00000)
  from space 31232K, 74% used [0x00000000fe180000,0x00000000ff840010,0x0000000100000000)
  to   space 33792K, 0% used [0x00000000fbe00000,0x00000000fbe00000,0x00000000fdf00000)
 ParOldGen       total 224768K, used 189473K [0x00000000e0000000, 0x00000000edb80000, 0x00000000f5580000)
  object space 224768K, 84% used [0x00000000e0000000,0x00000000eb908680,0x00000000edb80000)
 Metaspace       used 76346K, capacity 81866K, committed 82008K, reserved 1120256K
  class space    used 10076K, capacity 11343K, committed 11352K, reserved 1048576K
}
Event: 4115.516 GC heap before
{Heap before GC invocations=39 (full 4):
 PSYoungGen      total 138240K, used 130304K [0x00000000f5580000, 0x0000000100000000, 0x0000000100000000)
  eden space 107008K, 100% used [0x00000000f5580000,0x00000000fbe00000,0x00000000fbe00000)
  from space 31232K, 74% used [0x00000000fe180000,0x00000000ff840010,0x0000000100000000)
  to   space 33792K, 0% used [0x00000000fbe00000,0x00000000fbe00000,0x00000000fdf00000)
 ParOldGen       total 224768K, used 189473K [0x00000000e0000000, 0x00000000edb80000, 0x00000000f5580000)
  object space 224768K, 84% used [0x00000000e0000000,0x00000000eb908680,0x00000000edb80000)
 Metaspace       used 76380K, capacity 81908K, committed 82008K, reserved 1120256K
  class space    used 10080K, capacity 11350K, committed 11352K, reserved 1048576K
Event: 4115.563 GC heap after
Heap after GC invocations=39 (full 4):
 PSYoungGen      total 140800K, used 19280K [0x00000000f5580000, 0x0000000100000000, 0x0000000100000000)
  eden space 107008K, 0% used [0x00000000f5580000,0x00000000f5580000,0x00000000fbe00000)
  from space 33792K, 57% used [0x00000000fbe00000,0x00000000fd0d4050,0x00000000fdf00000)
  to   space 33792K, 0% used [0x00000000fdf00000,0x00000000fdf00000,0x0000000100000000)
 ParOldGen       total 224768K, used 211827K [0x00000000e0000000, 0x00000000edb80000, 0x00000000f5580000)
  object space 224768K, 94% used [0x00000000e0000000,0x00000000ecedcd10,0x00000000edb80000)
 Metaspace       used 76380K, capacity 81908K, committed 82008K, reserved 1120256K
  class space    used 10080K, capacity 11350K, committed 11352K, reserved 1048576K
}
Event: 4115.563 GC heap before
{Heap before GC invocations=40 (full 5):
 PSYoungGen      total 140800K, used 19280K [0x00000000f5580000, 0x0000000100000000, 0x0000000100000000)
  eden space 107008K, 0% used [0x00000000f5580000,0x00000000f5580000,0x00000000fbe00000)
  from space 33792K, 57% used [0x00000000fbe00000,0x00000000fd0d4050,0x00000000fdf00000)
  to   space 33792K, 0% used [0x00000000fdf00000,0x00000000fdf00000,0x0000000100000000)
 ParOldGen       total 224768K, used 211827K [0x00000000e0000000, 0x00000000edb80000, 0x00000000f5580000)
  object space 224768K, 94% used [0x00000000e0000000,0x00000000ecedcd10,0x00000000edb80000)
 Metaspace       used 76380K, capacity 81908K, committed 82008K, reserved 1120256K
  class space    used 10080K, capacity 11350K, committed 11352K, reserved 1048576K

